{"level":"info","message":"User logged in","timestamp":"2024-04-16T01:39:21.578Z","username":"smit"}
{"level":"info","message":"User logged in","timestamp":"2024-04-16T01:39:57.998Z","username":"smit"}
{"level":"info","message":"User logged in","timestamp":"2024-04-16T01:41:20.285Z","username":"smit"}
{"level":"info","message":"User logged out","timestamp":"2024-04-16T01:41:23.469Z","username":"smit"}
{"level":"info","message":"User logged in","timestamp":"2024-04-16T15:07:25.321Z","username":"jai@123"}
{"level":"info","message":"User logged in","timestamp":"2024-04-16T15:08:37.641Z","username":"admin"}
{"level":"info","message":"User logged in","timestamp":"2024-04-16T15:09:49.436Z","username":"admin"}
{"level":"info","message":"User logged out","timestamp":"2024-04-16T15:10:01.948Z","username":"admin"}
{"level":"info","message":"User logged in","timestamp":"2024-04-16T15:15:22.505Z","username":"jaskdj"}
{"level":"info","message":"User logged in","timestamp":"2024-04-16T15:16:42.958Z","username":"asda"}
{"level":"info","message":"User logged in","timestamp":"2024-04-16T15:17:17.736Z","username":"admin"}
{"level":"info","message":"User logged in","timestamp":"2024-04-23T12:30:42.396Z","username":"jai%40123"}
{"level":"info","message":"User logged in","timestamp":"2024-04-23T12:31:47.917Z","username":"smith"}
{"level":"info","message":"User logged in","timestamp":"2024-04-23T12:31:51.671Z","username":"smit"}
{"level":"info","message":"User logged out","timestamp":"2024-04-23T12:32:03.930Z","username":"smit"}
{"level":"info","message":"User logged in","timestamp":"2024-04-23T12:32:11.770Z","username":"admin"}
{"level":"info","message":"User logged in","timestamp":"2024-04-23T12:32:18.384Z","username":"admin"}
{"level":"info","message":"User logged in","timestamp":"2024-04-23T12:36:32.013Z","username":"admin"}
{"level":"info","message":"User logged out","timestamp":"2024-04-23T12:36:36.228Z","username":"admin"}
{"level":"info","message":"User logged in","timestamp":"2024-04-23T12:37:48.071Z","username":"admin"}
{"level":"info","message":"User logged in","timestamp":"2024-04-23T12:38:03.872Z","username":"admin"}
{"level":"info","message":"User logged out","timestamp":"2024-04-23T12:38:10.262Z","username":"admin"}
{"level":"info","message":"User logged in","timestamp":"2024-04-23T12:41:08.798Z","username":"admin"}
{"level":"info","message":"User logged in","timestamp":"2024-04-23T12:52:27.011Z","username":"admin"}
{"level":"info","message":"User logged in","timestamp":"2024-04-23T13:18:58.472Z","username":"neena%40123"}
{"level":"info","message":"User logged in","timestamp":"2024-04-23T13:21:17.263Z","username":"neena%40123"}
{"level":"info","message":"User logged in","timestamp":"2024-04-23T13:21:49.272Z","username":"neena%40123"}
{"level":"info","message":"User logged in","timestamp":"2024-04-23T13:22:07.278Z","username":"jai%40123"}
{"level":"info","message":"User logged in","timestamp":"2024-04-23T13:25:48.414Z","username":"jai%40123"}
{"level":"info","message":"User logged in","timestamp":"2024-04-23T13:27:04.251Z","username":"jai%40123"}
{"level":"info","message":"User logged in","timestamp":"2024-04-23T13:29:11.509Z","username":"jai%40123"}
{"level":"info","message":"User logged in","timestamp":"2024-04-23T13:29:57.306Z","username":"jai%40123"}
{"level":"info","message":"User logged in","timestamp":"2024-04-24T23:50:28.967Z","username":"jai%40123"}
{"level":"info","message":"User logged in","timestamp":"2024-04-24T23:52:16.658Z","username":"jai%40123"}
{"level":"info","message":"User logged in","timestamp":"2024-04-24T23:54:31.143Z","username":"jai%40123"}
{"level":"info","message":"User logged in","timestamp":"2024-04-24T23:55:01.536Z","username":"jai%40123"}
{"level":"info","message":"User logged in","timestamp":"2024-04-24T23:58:20.928Z","username":"jai%40123"}
{"level":"info","message":"User logged in","timestamp":"2024-04-24T23:59:01.359Z","username":"jai%40123"}
{"level":"info","message":"User logged in","timestamp":"2024-04-24T23:59:23.124Z","username":"jai%40123"}
{"level":"info","message":"User logged in","timestamp":"2024-04-25T00:00:06.161Z","username":"jai%40123"}
{"level":"info","message":"User logged in","timestamp":"2024-04-25T00:01:52.943Z","username":"jai%40123"}
{"level":"info","message":"User logged in","timestamp":"2024-04-25T00:05:57.751Z","username":"jai@123"}
{"level":"info","message":"User logged in","timestamp":"2024-04-25T00:06:55.829Z","username":"jai@123"}
{"level":"info","message":"User logged out","timestamp":"2024-04-25T00:07:01.620Z","username":"jai@123"}
